<?xml version="1.0" encoding="UTF-8"?>
<!-- Generated by org.testng.reporters.JUnitXMLReporter -->
<testsuite hostname="LAPTOP-4QGIS7L0" ignored="0" name="MantenimientoProviderChrome" tests="5" failures="5" timestamp="08 nov 2018 04:23:57 GMT" time="3.939" errors="0">
  <testcase name="editarCategoriaCriterio01" time="0.409" classname="pe.com.test.system.testCase.MantenimientoProvider">
    <failure type="org.testng.internal.reflect.MethodMatcherException" message="
Data provider mismatch
Method: editarCategoriaCriterio01([Parameter{index=0, type=java.lang.String, declaredAnnotations=[]}, Parameter{index=1, type=java.lang.String, declaredAnnotations=[]}, Parameter{index=2, type=java.lang.String, declaredAnnotations=[]}, Parameter{index=3, type=java.lang.String, declaredAnnotations=[]}, Parameter{index=4, type=java.lang.String, declaredAnnotations=[]}, Parameter{index=5, type=java.lang.String, declaredAnnotations=[]}, Parameter{index=6, type=java.lang.String, declaredAnnotations=[]}, Parameter{index=7, type=java.lang.String, declaredAnnotations=[]}, Parameter{index=8, type=java.lang.String, declaredAnnotations=[]}, Parameter{index=9, type=java.lang.String, declaredAnnotations=[]}, Parameter{index=10, type=java.lang.String, declaredAnnotations=[]}, Parameter{index=11, type=java.lang.String, declaredAnnotations=[]}, Parameter{index=12, type=java.lang.String, declaredAnnotations=[]}, Parameter{index=13, type=java.lang.String, declaredAnnotations=[]}])
Arguments: [(java.lang.String) Registrar Categoría - Flujo Básico,(java.lang.String) http://localhost:8080/VisorWeb,(java.lang.String) admin,(java.lang.String) clave,(java.lang.String) Lacteos,(java.lang.String) Se guardó de manera correcta la Categoría,(java.lang.String) http://localhost:81/testlink/lib/api/xmlrpc/v1/xmlrpc.php,(java.lang.String) c2ba2f17a374eb08746d1a30bd837bf7,(java.lang.String) 14,(java.lang.String) 1,(java.lang.String) 17,(java.lang.String) 1,(java.lang.String) Build 01]">
      <![CDATA[org.testng.internal.reflect.MethodMatcherException: 
Data provider mismatch
Method: editarCategoriaCriterio01([Parameter{index=0, type=java.lang.String, declaredAnnotations=[]}, Parameter{index=1, type=java.lang.String, declaredAnnotations=[]}, Parameter{index=2, type=java.lang.String, declaredAnnotations=[]}, Parameter{index=3, type=java.lang.String, declaredAnnotations=[]}, Parameter{index=4, type=java.lang.String, declaredAnnotations=[]}, Parameter{index=5, type=java.lang.String, declaredAnnotations=[]}, Parameter{index=6, type=java.lang.String, declaredAnnotations=[]}, Parameter{index=7, type=java.lang.String, declaredAnnotations=[]}, Parameter{index=8, type=java.lang.String, declaredAnnotations=[]}, Parameter{index=9, type=java.lang.String, declaredAnnotations=[]}, Parameter{index=10, type=java.lang.String, declaredAnnotations=[]}, Parameter{index=11, type=java.lang.String, declaredAnnotations=[]}, Parameter{index=12, type=java.lang.String, declaredAnnotations=[]}, Parameter{index=13, type=java.lang.String, declaredAnnotations=[]}])
Arguments: [(java.lang.String) Registrar Categoría - Flujo Básico,(java.lang.String) http://localhost:8080/VisorWeb,(java.lang.String) admin,(java.lang.String) clave,(java.lang.String) Lacteos,(java.lang.String) Se guardó de manera correcta la Categoría,(java.lang.String) http://localhost:81/testlink/lib/api/xmlrpc/v1/xmlrpc.php,(java.lang.String) c2ba2f17a374eb08746d1a30bd837bf7,(java.lang.String) 14,(java.lang.String) 1,(java.lang.String) 17,(java.lang.String) 1,(java.lang.String) Build 01]
at java.util.concurrent.FutureTask.run(Unknown Source)
at java.util.concurrent.ThreadPoolExecutor.runWorker(Unknown Source)
at java.util.concurrent.ThreadPoolExecutor$Worker.run(Unknown Source)
at java.lang.Thread.run(Unknown Source)
... Removed 11 stack frames]]>
    </failure>
  </testcase> <!-- editarCategoriaCriterio01 -->
  <testcase name="editarCategoriaCriterio02" time="0.03" classname="pe.com.test.system.testCase.MantenimientoProvider">
    <failure type="org.testng.internal.reflect.MethodMatcherException" message="
Data provider mismatch
Method: editarCategoriaCriterio02([Parameter{index=0, type=java.lang.String, declaredAnnotations=[]}, Parameter{index=1, type=java.lang.String, declaredAnnotations=[]}, Parameter{index=2, type=java.lang.String, declaredAnnotations=[]}, Parameter{index=3, type=java.lang.String, declaredAnnotations=[]}, Parameter{index=4, type=java.lang.String, declaredAnnotations=[]}, Parameter{index=5, type=java.lang.String, declaredAnnotations=[]}, Parameter{index=6, type=java.lang.String, declaredAnnotations=[]}, Parameter{index=7, type=java.lang.String, declaredAnnotations=[]}, Parameter{index=8, type=java.lang.String, declaredAnnotations=[]}, Parameter{index=9, type=java.lang.String, declaredAnnotations=[]}, Parameter{index=10, type=java.lang.String, declaredAnnotations=[]}, Parameter{index=11, type=java.lang.String, declaredAnnotations=[]}, Parameter{index=12, type=java.lang.String, declaredAnnotations=[]}, Parameter{index=13, type=java.lang.String, declaredAnnotations=[]}])
Arguments: [(java.lang.String) Registrar Categoría - Flujo Básico,(java.lang.String) http://localhost:8080/VisorWeb,(java.lang.String) admin,(java.lang.String) clave,(java.lang.String) Lacteos,(java.lang.String) Se guardó de manera correcta la Categoría,(java.lang.String) http://localhost:81/testlink/lib/api/xmlrpc/v1/xmlrpc.php,(java.lang.String) c2ba2f17a374eb08746d1a30bd837bf7,(java.lang.String) 14,(java.lang.String) 1,(java.lang.String) 17,(java.lang.String) 1,(java.lang.String) Build 01]">
      <![CDATA[org.testng.internal.reflect.MethodMatcherException: 
Data provider mismatch
Method: editarCategoriaCriterio02([Parameter{index=0, type=java.lang.String, declaredAnnotations=[]}, Parameter{index=1, type=java.lang.String, declaredAnnotations=[]}, Parameter{index=2, type=java.lang.String, declaredAnnotations=[]}, Parameter{index=3, type=java.lang.String, declaredAnnotations=[]}, Parameter{index=4, type=java.lang.String, declaredAnnotations=[]}, Parameter{index=5, type=java.lang.String, declaredAnnotations=[]}, Parameter{index=6, type=java.lang.String, declaredAnnotations=[]}, Parameter{index=7, type=java.lang.String, declaredAnnotations=[]}, Parameter{index=8, type=java.lang.String, declaredAnnotations=[]}, Parameter{index=9, type=java.lang.String, declaredAnnotations=[]}, Parameter{index=10, type=java.lang.String, declaredAnnotations=[]}, Parameter{index=11, type=java.lang.String, declaredAnnotations=[]}, Parameter{index=12, type=java.lang.String, declaredAnnotations=[]}, Parameter{index=13, type=java.lang.String, declaredAnnotations=[]}])
Arguments: [(java.lang.String) Registrar Categoría - Flujo Básico,(java.lang.String) http://localhost:8080/VisorWeb,(java.lang.String) admin,(java.lang.String) clave,(java.lang.String) Lacteos,(java.lang.String) Se guardó de manera correcta la Categoría,(java.lang.String) http://localhost:81/testlink/lib/api/xmlrpc/v1/xmlrpc.php,(java.lang.String) c2ba2f17a374eb08746d1a30bd837bf7,(java.lang.String) 14,(java.lang.String) 1,(java.lang.String) 17,(java.lang.String) 1,(java.lang.String) Build 01]
at java.util.concurrent.FutureTask.run(Unknown Source)
at java.util.concurrent.ThreadPoolExecutor.runWorker(Unknown Source)
at java.util.concurrent.ThreadPoolExecutor$Worker.run(Unknown Source)
at java.lang.Thread.run(Unknown Source)
... Removed 11 stack frames]]>
    </failure>
  </testcase> <!-- editarCategoriaCriterio02 -->
  <testcase name="eliminarCategoriaCriterio01" time="0.026" classname="pe.com.test.system.testCase.MantenimientoProvider">
    <failure type="org.testng.internal.reflect.MethodMatcherException" message="
Data provider mismatch
Method: eliminarCategoriaCriterio01([Parameter{index=0, type=java.lang.String, declaredAnnotations=[]}, Parameter{index=1, type=java.lang.String, declaredAnnotations=[]}, Parameter{index=2, type=java.lang.String, declaredAnnotations=[]}, Parameter{index=3, type=java.lang.String, declaredAnnotations=[]}, Parameter{index=4, type=java.lang.String, declaredAnnotations=[]}, Parameter{index=5, type=java.lang.String, declaredAnnotations=[]}, Parameter{index=6, type=java.lang.String, declaredAnnotations=[]}, Parameter{index=7, type=java.lang.String, declaredAnnotations=[]}, Parameter{index=8, type=java.lang.String, declaredAnnotations=[]}, Parameter{index=9, type=java.lang.String, declaredAnnotations=[]}, Parameter{index=10, type=java.lang.String, declaredAnnotations=[]}, Parameter{index=11, type=java.lang.String, declaredAnnotations=[]}, Parameter{index=12, type=java.lang.String, declaredAnnotations=[]}, Parameter{index=13, type=java.lang.String, declaredAnnotations=[]}])
Arguments: [(java.lang.String) Registrar Categoría - Flujo Básico,(java.lang.String) http://localhost:8080/VisorWeb,(java.lang.String) admin,(java.lang.String) clave,(java.lang.String) Lacteos,(java.lang.String) Se guardó de manera correcta la Categoría,(java.lang.String) http://localhost:81/testlink/lib/api/xmlrpc/v1/xmlrpc.php,(java.lang.String) c2ba2f17a374eb08746d1a30bd837bf7,(java.lang.String) 14,(java.lang.String) 1,(java.lang.String) 17,(java.lang.String) 1,(java.lang.String) Build 01]">
      <![CDATA[org.testng.internal.reflect.MethodMatcherException: 
Data provider mismatch
Method: eliminarCategoriaCriterio01([Parameter{index=0, type=java.lang.String, declaredAnnotations=[]}, Parameter{index=1, type=java.lang.String, declaredAnnotations=[]}, Parameter{index=2, type=java.lang.String, declaredAnnotations=[]}, Parameter{index=3, type=java.lang.String, declaredAnnotations=[]}, Parameter{index=4, type=java.lang.String, declaredAnnotations=[]}, Parameter{index=5, type=java.lang.String, declaredAnnotations=[]}, Parameter{index=6, type=java.lang.String, declaredAnnotations=[]}, Parameter{index=7, type=java.lang.String, declaredAnnotations=[]}, Parameter{index=8, type=java.lang.String, declaredAnnotations=[]}, Parameter{index=9, type=java.lang.String, declaredAnnotations=[]}, Parameter{index=10, type=java.lang.String, declaredAnnotations=[]}, Parameter{index=11, type=java.lang.String, declaredAnnotations=[]}, Parameter{index=12, type=java.lang.String, declaredAnnotations=[]}, Parameter{index=13, type=java.lang.String, declaredAnnotations=[]}])
Arguments: [(java.lang.String) Registrar Categoría - Flujo Básico,(java.lang.String) http://localhost:8080/VisorWeb,(java.lang.String) admin,(java.lang.String) clave,(java.lang.String) Lacteos,(java.lang.String) Se guardó de manera correcta la Categoría,(java.lang.String) http://localhost:81/testlink/lib/api/xmlrpc/v1/xmlrpc.php,(java.lang.String) c2ba2f17a374eb08746d1a30bd837bf7,(java.lang.String) 14,(java.lang.String) 1,(java.lang.String) 17,(java.lang.String) 1,(java.lang.String) Build 01]
at java.util.concurrent.FutureTask.run(Unknown Source)
at java.util.concurrent.ThreadPoolExecutor.runWorker(Unknown Source)
at java.util.concurrent.ThreadPoolExecutor$Worker.run(Unknown Source)
at java.lang.Thread.run(Unknown Source)
... Removed 11 stack frames]]>
    </failure>
  </testcase> <!-- eliminarCategoriaCriterio01 -->
  <testcase name="insertarCategoriaCriterio01" time="0.025" classname="pe.com.test.system.testCase.MantenimientoProvider">
    <failure type="org.testng.internal.reflect.MethodMatcherException" message="
Data provider mismatch
Method: insertarCategoriaCriterio01([Parameter{index=0, type=java.lang.String, declaredAnnotations=[]}, Parameter{index=1, type=java.lang.String, declaredAnnotations=[]}, Parameter{index=2, type=java.lang.String, declaredAnnotations=[]}, Parameter{index=3, type=java.lang.String, declaredAnnotations=[]}, Parameter{index=4, type=java.lang.String, declaredAnnotations=[]}, Parameter{index=5, type=java.lang.String, declaredAnnotations=[]}, Parameter{index=6, type=java.lang.String, declaredAnnotations=[]}, Parameter{index=7, type=java.lang.String, declaredAnnotations=[]}, Parameter{index=8, type=java.lang.String, declaredAnnotations=[]}, Parameter{index=9, type=java.lang.String, declaredAnnotations=[]}, Parameter{index=10, type=java.lang.String, declaredAnnotations=[]}, Parameter{index=11, type=java.lang.String, declaredAnnotations=[]}, Parameter{index=12, type=java.lang.String, declaredAnnotations=[]}, Parameter{index=13, type=java.lang.String, declaredAnnotations=[]}])
Arguments: [(java.lang.String) Registrar Categoría - Flujo Básico,(java.lang.String) http://localhost:8080/VisorWeb,(java.lang.String) admin,(java.lang.String) clave,(java.lang.String) Lacteos,(java.lang.String) Se guardó de manera correcta la Categoría,(java.lang.String) http://localhost:81/testlink/lib/api/xmlrpc/v1/xmlrpc.php,(java.lang.String) c2ba2f17a374eb08746d1a30bd837bf7,(java.lang.String) 14,(java.lang.String) 1,(java.lang.String) 17,(java.lang.String) 1,(java.lang.String) Build 01]">
      <![CDATA[org.testng.internal.reflect.MethodMatcherException: 
Data provider mismatch
Method: insertarCategoriaCriterio01([Parameter{index=0, type=java.lang.String, declaredAnnotations=[]}, Parameter{index=1, type=java.lang.String, declaredAnnotations=[]}, Parameter{index=2, type=java.lang.String, declaredAnnotations=[]}, Parameter{index=3, type=java.lang.String, declaredAnnotations=[]}, Parameter{index=4, type=java.lang.String, declaredAnnotations=[]}, Parameter{index=5, type=java.lang.String, declaredAnnotations=[]}, Parameter{index=6, type=java.lang.String, declaredAnnotations=[]}, Parameter{index=7, type=java.lang.String, declaredAnnotations=[]}, Parameter{index=8, type=java.lang.String, declaredAnnotations=[]}, Parameter{index=9, type=java.lang.String, declaredAnnotations=[]}, Parameter{index=10, type=java.lang.String, declaredAnnotations=[]}, Parameter{index=11, type=java.lang.String, declaredAnnotations=[]}, Parameter{index=12, type=java.lang.String, declaredAnnotations=[]}, Parameter{index=13, type=java.lang.String, declaredAnnotations=[]}])
Arguments: [(java.lang.String) Registrar Categoría - Flujo Básico,(java.lang.String) http://localhost:8080/VisorWeb,(java.lang.String) admin,(java.lang.String) clave,(java.lang.String) Lacteos,(java.lang.String) Se guardó de manera correcta la Categoría,(java.lang.String) http://localhost:81/testlink/lib/api/xmlrpc/v1/xmlrpc.php,(java.lang.String) c2ba2f17a374eb08746d1a30bd837bf7,(java.lang.String) 14,(java.lang.String) 1,(java.lang.String) 17,(java.lang.String) 1,(java.lang.String) Build 01]
at java.util.concurrent.FutureTask.run(Unknown Source)
at java.util.concurrent.ThreadPoolExecutor.runWorker(Unknown Source)
at java.util.concurrent.ThreadPoolExecutor$Worker.run(Unknown Source)
at java.lang.Thread.run(Unknown Source)
... Removed 11 stack frames]]>
    </failure>
  </testcase> <!-- insertarCategoriaCriterio01 -->
  <testcase name="insertarCategoriaCriterio02" time="0.02" classname="pe.com.test.system.testCase.MantenimientoProvider">
    <failure type="org.testng.internal.reflect.MethodMatcherException" message="
Data provider mismatch
Method: insertarCategoriaCriterio02([Parameter{index=0, type=java.lang.String, declaredAnnotations=[]}, Parameter{index=1, type=java.lang.String, declaredAnnotations=[]}, Parameter{index=2, type=java.lang.String, declaredAnnotations=[]}, Parameter{index=3, type=java.lang.String, declaredAnnotations=[]}, Parameter{index=4, type=java.lang.String, declaredAnnotations=[]}, Parameter{index=5, type=java.lang.String, declaredAnnotations=[]}, Parameter{index=6, type=java.lang.String, declaredAnnotations=[]}, Parameter{index=7, type=java.lang.String, declaredAnnotations=[]}, Parameter{index=8, type=java.lang.String, declaredAnnotations=[]}, Parameter{index=9, type=java.lang.String, declaredAnnotations=[]}, Parameter{index=10, type=java.lang.String, declaredAnnotations=[]}, Parameter{index=11, type=java.lang.String, declaredAnnotations=[]}, Parameter{index=12, type=java.lang.String, declaredAnnotations=[]}, Parameter{index=13, type=java.lang.String, declaredAnnotations=[]}])
Arguments: [(java.lang.String) Registrar Categoría - Flujo Básico,(java.lang.String) http://localhost:8080/VisorWeb,(java.lang.String) admin,(java.lang.String) clave,(java.lang.String) Lacteos,(java.lang.String) Se guardó de manera correcta la Categoría,(java.lang.String) http://localhost:81/testlink/lib/api/xmlrpc/v1/xmlrpc.php,(java.lang.String) c2ba2f17a374eb08746d1a30bd837bf7,(java.lang.String) 14,(java.lang.String) 1,(java.lang.String) 17,(java.lang.String) 1,(java.lang.String) Build 01]">
      <![CDATA[org.testng.internal.reflect.MethodMatcherException: 
Data provider mismatch
Method: insertarCategoriaCriterio02([Parameter{index=0, type=java.lang.String, declaredAnnotations=[]}, Parameter{index=1, type=java.lang.String, declaredAnnotations=[]}, Parameter{index=2, type=java.lang.String, declaredAnnotations=[]}, Parameter{index=3, type=java.lang.String, declaredAnnotations=[]}, Parameter{index=4, type=java.lang.String, declaredAnnotations=[]}, Parameter{index=5, type=java.lang.String, declaredAnnotations=[]}, Parameter{index=6, type=java.lang.String, declaredAnnotations=[]}, Parameter{index=7, type=java.lang.String, declaredAnnotations=[]}, Parameter{index=8, type=java.lang.String, declaredAnnotations=[]}, Parameter{index=9, type=java.lang.String, declaredAnnotations=[]}, Parameter{index=10, type=java.lang.String, declaredAnnotations=[]}, Parameter{index=11, type=java.lang.String, declaredAnnotations=[]}, Parameter{index=12, type=java.lang.String, declaredAnnotations=[]}, Parameter{index=13, type=java.lang.String, declaredAnnotations=[]}])
Arguments: [(java.lang.String) Registrar Categoría - Flujo Básico,(java.lang.String) http://localhost:8080/VisorWeb,(java.lang.String) admin,(java.lang.String) clave,(java.lang.String) Lacteos,(java.lang.String) Se guardó de manera correcta la Categoría,(java.lang.String) http://localhost:81/testlink/lib/api/xmlrpc/v1/xmlrpc.php,(java.lang.String) c2ba2f17a374eb08746d1a30bd837bf7,(java.lang.String) 14,(java.lang.String) 1,(java.lang.String) 17,(java.lang.String) 1,(java.lang.String) Build 01]
at java.util.concurrent.FutureTask.run(Unknown Source)
at java.util.concurrent.ThreadPoolExecutor.runWorker(Unknown Source)
at java.util.concurrent.ThreadPoolExecutor$Worker.run(Unknown Source)
at java.lang.Thread.run(Unknown Source)
... Removed 11 stack frames]]>
    </failure>
  </testcase> <!-- insertarCategoriaCriterio02 -->
</testsuite> <!-- MantenimientoProviderChrome -->
