<?xml version="1.0" encoding="UTF-8"?>
<testng-results skipped="0" failed="0" ignored="0" total="4" passed="4">
  <reporter-output>
  </reporter-output>
  <suite name="MiLuzTestSuite" duration-ms="40343" started-at="2018-11-08T20:58:04Z" finished-at="2018-11-08T20:58:44Z">
    <groups>
    </groups>
    <test name="MantenimientoProviderChrome" duration-ms="40343" started-at="2018-11-08T20:58:04Z" finished-at="2018-11-08T20:58:44Z">
      <class name="pe.com.test.system.testCase.MantenimientoProvider">
        <test-method status="PASS" signature="antesDelTest(java.lang.String, int, int, java.lang.String)[pri:0, instance:pe.com.test.system.testCase.MantenimientoProvider@1794d431]" name="antesDelTest" is-config="true" duration-ms="2694" started-at="2018-11-08T20:58:04Z" finished-at="2018-11-08T20:58:06Z">
          <params>
            <param index="0">
              <value>
                <![CDATA[chrome]]>
              </value>
            </param>
            <param index="1">
              <value>
                <![CDATA[0]]>
              </value>
            </param>
            <param index="2">
              <value>
                <![CDATA[5]]>
              </value>
            </param>
            <param index="3">
              <value>
                <![CDATA[Chrome]]>
              </value>
            </param>
          </params>
          <reporter-output>
          </reporter-output>
        </test-method> <!-- antesDelTest -->
        <test-method status="PASS" signature="ainsertarCategoria_Criterio01()[pri:0, instance:pe.com.test.system.testCase.MantenimientoProvider@1794d431]" name="ainsertarCategoria_Criterio01" duration-ms="11321" started-at="2018-11-08T20:58:06Z" finished-at="2018-11-08T20:58:18Z">
          <reporter-output>
          </reporter-output>
        </test-method> <!-- ainsertarCategoria_Criterio01 -->
        <test-method status="PASS" signature="binsertarCategoria_Criterio02()[pri:0, instance:pe.com.test.system.testCase.MantenimientoProvider@1794d431]" name="binsertarCategoria_Criterio02" duration-ms="8478" started-at="2018-11-08T20:58:18Z" finished-at="2018-11-08T20:58:26Z">
          <reporter-output>
          </reporter-output>
        </test-method> <!-- binsertarCategoria_Criterio02 -->
        <test-method status="PASS" signature="ceditarCategoria_Criterio01()[pri:0, instance:pe.com.test.system.testCase.MantenimientoProvider@1794d431]" name="ceditarCategoria_Criterio01" duration-ms="8572" started-at="2018-11-08T20:58:26Z" finished-at="2018-11-08T20:58:35Z">
          <reporter-output>
          </reporter-output>
        </test-method> <!-- ceditarCategoria_Criterio01 -->
        <test-method status="PASS" signature="deditarCategoria_Criterio02()[pri:0, instance:pe.com.test.system.testCase.MantenimientoProvider@1794d431]" name="deditarCategoria_Criterio02" duration-ms="8560" started-at="2018-11-08T20:58:35Z" finished-at="2018-11-08T20:58:43Z">
          <reporter-output>
          </reporter-output>
        </test-method> <!-- deditarCategoria_Criterio02 -->
        <test-method status="PASS" signature="despuesDelTest()[pri:0, instance:pe.com.test.system.testCase.MantenimientoProvider@1794d431]" name="despuesDelTest" is-config="true" duration-ms="698" started-at="2018-11-08T20:58:43Z" finished-at="2018-11-08T20:58:44Z">
          <reporter-output>
          </reporter-output>
        </test-method> <!-- despuesDelTest -->
      </class> <!-- pe.com.test.system.testCase.MantenimientoProvider -->
    </test> <!-- MantenimientoProviderChrome -->
  </suite> <!-- MiLuzTestSuite -->
</testng-results>
