<?xml version="1.0" encoding="UTF-8"?>
<!-- Generated by org.testng.reporters.JUnitXMLReporter -->
<testsuite hostname="LAPTOP-LF109GNM" ignored="0" name="MantenimientoProviderChrome" tests="4" failures="0" timestamp="18 nov 2018 23:35:16 GMT" time="69.176" errors="0">
  <testcase name="a_insertarCategoria_Criterio01" time="16.92" classname="pe.com.test.system.testCase.MantenimientoProvider"/>
  <testcase name="a_insertarCategoria_Criterio01" time="15.728" classname="pe.com.test.system.testCase.MantenimientoProvider"/>
  <testcase name="b_insertarCategoria_Criterio02" time="15.925" classname="pe.com.test.system.testCase.MantenimientoProvider"/>
  <testcase name="b_insertarCategoria_Criterio02" time="15.707" classname="pe.com.test.system.testCase.MantenimientoProvider"/>
</testsuite> <!-- MantenimientoProviderChrome -->
