<?xml version="1.0" encoding="UTF-8"?>
<!-- Generated by org.testng.reporters.JUnitXMLReporter -->
<testsuite hostname="LAPTOP-4QGIS7L0" ignored="0" name="MantenimientoProviderChrome" tests="4" failures="0" timestamp="08 nov 2018 20:58:44 GMT" time="40.343" errors="0">
  <testcase name="ainsertarCategoria_Criterio01" time="11.321" classname="pe.com.test.system.testCase.MantenimientoProvider"/>
  <testcase name="binsertarCategoria_Criterio02" time="8.478" classname="pe.com.test.system.testCase.MantenimientoProvider"/>
  <testcase name="ceditarCategoria_Criterio01" time="8.572" classname="pe.com.test.system.testCase.MantenimientoProvider"/>
  <testcase name="deditarCategoria_Criterio02" time="8.56" classname="pe.com.test.system.testCase.MantenimientoProvider"/>
</testsuite> <!-- MantenimientoProviderChrome -->
