<?xml version="1.0" encoding="UTF-8"?>
<!-- Generated by org.testng.reporters.JUnitXMLReporter -->
<testsuite hostname="WIN-NO5VUV5PR36" ignored="0" name="MantenimientoCategoriaChrome" tests="7" failures="1" timestamp="23 oct 2018 14:34:32 GMT" time="24.144" errors="0">
  <testcase name="insertarCategoria" time="4.828" classname="pe.com.test.system.testCase.MantenimientoCategoria">
    <failure type="java.lang.AssertionError" message="Error: unknown error: Element is not clickable at point (-83, 72)
  (Session info: chrome=70.0.3538.67)
  (Driver info: chromedriver=2.42.591088 (7b2b2dca23cca0862f674758c9a3933e685c27d5),platform=Windows NT 6.1.7601 SP1 x86_64) (WARNING: The server did not provide any stacktrace information)
Command duration or timeout: 0 milliseconds
Build info: version: &amp;apos;3.14.0&amp;apos;, revision: &amp;apos;aacccce0&amp;apos;, time: &amp;apos;2018-08-02T20:19:58.91Z&amp;apos;
System info: host: &amp;apos;WIN-NO5VUV5PR36&amp;apos;, ip: &amp;apos;192.168.80.133&amp;apos;, os.name: &amp;apos;Windows 7&amp;apos;, os.arch: &amp;apos;amd64&amp;apos;, os.version: &amp;apos;6.1&amp;apos;, java.version: &amp;apos;1.8.0_181&amp;apos;
Driver info: org.openqa.selenium.chrome.ChromeDriver
Capabilities {acceptInsecureCerts: false, acceptSslCerts: false, applicationCacheEnabled: false, browserConnectionEnabled: false, browserName: chrome, chrome: {chromedriverVersion: 2.42.591088 (7b2b2dca23cca0..., userDataDir: C:\Users\Operador\AppData\L...}, cssSelectorsEnabled: true, databaseEnabled: false, goog:chromeOptions: {debuggerAddress: localhost:50688}, handlesAlerts: true, hasTouchScreen: false, javascriptEnabled: true, locationContextEnabled: true, mobileEmulationEnabled: false, nativeEvents: true, networkConnectionEnabled: false, pageLoadStrategy: normal, platform: XP, platformName: XP, rotatable: false, setWindowRect: true, takesHeapSnapshot: true, takesScreenshot: true, unexpectedAlertBehaviour: , unhandledPromptBehavior: , version: 70.0.3538.67, webStorageEnabled: true}
Session ID: 174210a482628fed638f948cb404f3c1">
      <![CDATA[java.lang.AssertionError: Error: unknown error: Element is not clickable at point (-83, 72)
  (Session info: chrome=70.0.3538.67)
  (Driver info: chromedriver=2.42.591088 (7b2b2dca23cca0862f674758c9a3933e685c27d5),platform=Windows NT 6.1.7601 SP1 x86_64) (WARNING: The server did not provide any stacktrace information)
Command duration or timeout: 0 milliseconds
Build info: version: '3.14.0', revision: 'aacccce0', time: '2018-08-02T20:19:58.91Z'
System info: host: 'WIN-NO5VUV5PR36', ip: '192.168.80.133', os.name: 'Windows 7', os.arch: 'amd64', os.version: '6.1', java.version: '1.8.0_181'
Driver info: org.openqa.selenium.chrome.ChromeDriver
Capabilities {acceptInsecureCerts: false, acceptSslCerts: false, applicationCacheEnabled: false, browserConnectionEnabled: false, browserName: chrome, chrome: {chromedriverVersion: 2.42.591088 (7b2b2dca23cca0..., userDataDir: C:\Users\Operador\AppData\L...}, cssSelectorsEnabled: true, databaseEnabled: false, goog:chromeOptions: {debuggerAddress: localhost:50688}, handlesAlerts: true, hasTouchScreen: false, javascriptEnabled: true, locationContextEnabled: true, mobileEmulationEnabled: false, nativeEvents: true, networkConnectionEnabled: false, pageLoadStrategy: normal, platform: XP, platformName: XP, rotatable: false, setWindowRect: true, takesHeapSnapshot: true, takesScreenshot: true, unexpectedAlertBehaviour: , unhandledPromptBehavior: , version: 70.0.3538.67, webStorageEnabled: true}
Session ID: 174210a482628fed638f948cb404f3c1
at pe.com.test.system.testCase.MantenimientoCategoria.insertarCategoria(MantenimientoCategoria.java:92)
at java.util.concurrent.FutureTask.run(Unknown Source)
at java.util.concurrent.ThreadPoolExecutor.runWorker(Unknown Source)
at java.util.concurrent.ThreadPoolExecutor$Worker.run(Unknown Source)
at java.lang.Thread.run(Unknown Source)
... Removed 17 stack frames]]>
    </failure>
  </testcase> <!-- insertarCategoria -->
  <testcase name="insertarCategoria" time="14.248" classname="pe.com.test.system.testCase.MantenimientoCategoria"/>
  <testcase name="actualizarCategoria_criterio01" time="0.0" classname="pe.com.test.system.testCase.MantenimientoCategoria">
    <skipped/>
  </testcase> <!-- actualizarCategoria_criterio01 -->
  <testcase name="eliminarCategoria_criterio01" time="0.0" classname="pe.com.test.system.testCase.MantenimientoCategoria">
    <skipped/>
  </testcase> <!-- eliminarCategoria_criterio01 -->
  <testcase name="eliminarCategoria_criterio02" time="0.0" classname="pe.com.test.system.testCase.MantenimientoCategoria">
    <skipped/>
  </testcase> <!-- eliminarCategoria_criterio02 -->
  <testcase name="actualizarCategoria_criterio02" time="0.0" classname="pe.com.test.system.testCase.MantenimientoCategoria">
    <skipped/>
  </testcase> <!-- actualizarCategoria_criterio02 -->
  <testcase name="actualizarCategoria_criterio03" time="0.001" classname="pe.com.test.system.testCase.MantenimientoCategoria">
    <skipped/>
  </testcase> <!-- actualizarCategoria_criterio03 -->
</testsuite> <!-- MantenimientoCategoriaChrome -->
