<?xml version="1.0" encoding="UTF-8"?>
<!-- Generated by org.testng.reporters.JUnitXMLReporter -->
<testsuite hostname="WIN-NO5VUV5PR36" ignored="0" name="MantenimientoCategoriaFirefox" tests="7" failures="2" timestamp="23 oct 2018 14:36:00 GMT" time="112.535" errors="0">
  <testcase name="insertarCategoria" time="15.968" classname="pe.com.test.system.testCase.MantenimientoCategoria"/>
  <testcase name="insertarCategoria" time="14.48" classname="pe.com.test.system.testCase.MantenimientoCategoria"/>
  <testcase name="actualizarCategoria_criterio01" time="39.647" classname="pe.com.test.system.testCase.MantenimientoCategoria">
    <failure type="java.lang.AssertionError" message="Error: Unable to locate element: //*[@id=&amp;quot;tablaCategorias_data&amp;quot;]/tr[1]/td[2]
For documentation on this error, please visit: http://seleniumhq.org/exceptions/no_such_element.html
Build info: version: &amp;apos;3.14.0&amp;apos;, revision: &amp;apos;aacccce0&amp;apos;, time: &amp;apos;2018-08-02T20:19:58.91Z&amp;apos;
System info: host: &amp;apos;WIN-NO5VUV5PR36&amp;apos;, ip: &amp;apos;192.168.80.133&amp;apos;, os.name: &amp;apos;Windows 7&amp;apos;, os.arch: &amp;apos;amd64&amp;apos;, os.version: &amp;apos;6.1&amp;apos;, java.version: &amp;apos;1.8.0_181&amp;apos;
Driver info: org.openqa.selenium.firefox.FirefoxDriver
Capabilities {acceptInsecureCerts: true, browserName: firefox, browserVersion: 62.0.3, javascriptEnabled: true, moz:accessibilityChecks: false, moz:geckodriverVersion: 0.23.0, moz:headless: false, moz:processID: 6776, moz:profile: C:\Users\Operador\AppData\L..., moz:useNonSpecCompliantPointerOrigin: false, moz:webdriverClick: true, pageLoadStrategy: normal, platform: XP, platformName: XP, platformVersion: 6.1, rotatable: false, timeouts: {implicit: 0, pageLoad: 300000, script: 30000}}
Session ID: ac579045-a035-4b62-9fff-5364b16ba248
*** Element info: {Using=xpath, value=//*[@id=&amp;quot;tablaCategorias_data&amp;quot;]/tr[1]/td[2]}">
      <![CDATA[java.lang.AssertionError: Error: Unable to locate element: //*[@id="tablaCategorias_data"]/tr[1]/td[2]
For documentation on this error, please visit: http://seleniumhq.org/exceptions/no_such_element.html
Build info: version: '3.14.0', revision: 'aacccce0', time: '2018-08-02T20:19:58.91Z'
System info: host: 'WIN-NO5VUV5PR36', ip: '192.168.80.133', os.name: 'Windows 7', os.arch: 'amd64', os.version: '6.1', java.version: '1.8.0_181'
Driver info: org.openqa.selenium.firefox.FirefoxDriver
Capabilities {acceptInsecureCerts: true, browserName: firefox, browserVersion: 62.0.3, javascriptEnabled: true, moz:accessibilityChecks: false, moz:geckodriverVersion: 0.23.0, moz:headless: false, moz:processID: 6776, moz:profile: C:\Users\Operador\AppData\L..., moz:useNonSpecCompliantPointerOrigin: false, moz:webdriverClick: true, pageLoadStrategy: normal, platform: XP, platformName: XP, platformVersion: 6.1, rotatable: false, timeouts: {implicit: 0, pageLoad: 300000, script: 30000}}
Session ID: ac579045-a035-4b62-9fff-5364b16ba248
*** Element info: {Using=xpath, value=//*[@id="tablaCategorias_data"]/tr[1]/td[2]}
at pe.com.test.system.testCase.MantenimientoCategoria.actualizarCategoria_criterio01(MantenimientoCategoria.java:137)
at java.util.concurrent.FutureTask.run(Unknown Source)
at java.util.concurrent.ThreadPoolExecutor.runWorker(Unknown Source)
at java.util.concurrent.ThreadPoolExecutor$Worker.run(Unknown Source)
at java.lang.Thread.run(Unknown Source)
... Removed 17 stack frames]]>
    </failure>
  </testcase> <!-- actualizarCategoria_criterio01 -->
  <testcase name="eliminarCategoria_criterio01" time="19.668" classname="pe.com.test.system.testCase.MantenimientoCategoria">
    <failure type="java.lang.AssertionError" message="expected [Se eliminó de manera correcta la Categoría] but found [Ocurrio un error inesperado, codigo de error: 23102018093542]">
      <![CDATA[java.lang.AssertionError: expected [Se eliminó de manera correcta la Categoría] but found [Ocurrio un error inesperado, codigo de error: 23102018093542]
at pe.com.test.system.testCase.MantenimientoCategoria.eliminarCategoria_criterio01(MantenimientoCategoria.java:197)
at java.util.concurrent.FutureTask.run(Unknown Source)
at java.util.concurrent.ThreadPoolExecutor.runWorker(Unknown Source)
at java.util.concurrent.ThreadPoolExecutor$Worker.run(Unknown Source)
at java.lang.Thread.run(Unknown Source)
... Removed 22 stack frames]]>
    </failure>
  </testcase> <!-- eliminarCategoria_criterio01 -->
  <testcase name="eliminarCategoria_criterio02" time="14.598" classname="pe.com.test.system.testCase.MantenimientoCategoria"/>
  <testcase name="actualizarCategoria_criterio02" time="0.0" classname="pe.com.test.system.testCase.MantenimientoCategoria">
    <skipped/>
  </testcase> <!-- actualizarCategoria_criterio02 -->
  <testcase name="actualizarCategoria_criterio03" time="0.0" classname="pe.com.test.system.testCase.MantenimientoCategoria">
    <skipped/>
  </testcase> <!-- actualizarCategoria_criterio03 -->
</testsuite> <!-- MantenimientoCategoriaFirefox -->
